Log file open, 12/27/21 10:31:37
LogWindows: Failed to load 'aqProf.dll' (GetLastError=126)
LogWindows: File 'aqProf.dll' does not exist
LogWindows: Failed to load 'VtuneApi.dll' (GetLastError=126)
LogWindows: File 'VtuneApi.dll' does not exist
LogWindows: Failed to load 'VtuneApi32e.dll' (GetLastError=126)
LogWindows: File 'VtuneApi32e.dll' does not exist
LogConsoleResponse: Display: Failed to find resolution value strings in scalability ini. Falling back to default.
LogConsoleResponse: Display: Failed to find resolution value strings in scalability ini. Falling back to default.
LogInit: Display: Running engine for game: ToTheBeat
LogPlatformFile: Not using cached read wrapper
LogTaskGraph: Started task graph with 5 named threads and 23 total threads with 3 sets of task threads.
LogStats: Stats thread started at 17.767670
LogICUInternationalization: ICU TimeZone Detection - Raw Offset: +1:00, Platform Override: ''
LogInit: Display: Loading text-based GConfig....
LogPluginManager: Mounting plugin MeshPainting
LogPluginManager: Mounting plugin XGEController
LogPluginManager: Mounting plugin Paper2D
LogPluginManager: Mounting plugin AISupport
LogPluginManager: Mounting plugin EnvironmentQueryEditor
LogPluginManager: Mounting plugin LightPropagationVolume
LogPluginManager: Mounting plugin OodleData
LogPluginManager: Mounting plugin OodleNetwork
LogPluginManager: Mounting plugin LiveLink
LogPluginManager: Mounting plugin AnimationSharing
LogPluginManager: Mounting plugin CLionSourceCodeAccess
LogPluginManager: Mounting plugin CodeLiteSourceCodeAccess
LogPluginManager: Mounting plugin GitSourceControl
LogPluginManager: Mounting plugin KDevelopSourceCodeAccess
LogPluginManager: Mounting plugin NullSourceCodeAccess
LogPluginManager: Mounting plugin PerforceSourceControl
LogPluginManager: Mounting plugin PixWinPlugin
LogPluginManager: Mounting plugin PlasticSourceControl
LogPluginManager: Mounting plugin PluginUtils
LogPluginManager: Mounting plugin PropertyAccessNode
LogPluginManager: Mounting plugin RiderSourceCodeAccess
LogPluginManager: Mounting plugin SubversionSourceControl
LogPluginManager: Mounting plugin TextureFormatOodle
LogPluginManager: Mounting plugin UObjectPlugin
LogPluginManager: Mounting plugin DatasmithContent
LogPluginManager: Mounting plugin VisualStudioSourceCodeAccess
LogPluginManager: Mounting plugin VisualStudioCodeSourceCodeAccess
LogPluginManager: Mounting plugin XCodeSourceCodeAccess
LogPluginManager: Mounting plugin VariantManagerContent
LogPluginManager: Mounting plugin AssetManagerEditor
LogPluginManager: Mounting plugin CryptoKeys
LogPluginManager: Mounting plugin CurveEditorTools
LogPluginManager: Mounting plugin DataValidation
LogPluginManager: Mounting plugin FacialAnimation
LogPluginManager: Mounting plugin GameplayTagsEditor
LogPluginManager: Mounting plugin GeometryMode
LogPluginManager: Mounting plugin MacGraphicsSwitching
LogPluginManager: Mounting plugin MaterialAnalyzer
LogPluginManager: Mounting plugin MobileLauncherProfileWizard
LogPluginManager: Mounting plugin SpeedTreeImporter
LogPluginManager: Mounting plugin Niagara
LogPluginManager: Mounting plugin AlembicImporter
LogPluginManager: Mounting plugin AutomationUtils
LogPluginManager: Mounting plugin BackChannel
LogPluginManager: Mounting plugin ChaosCloth
LogPluginManager: Mounting plugin ChaosEditor
LogPluginManager: Mounting plugin ChaosClothEditor
LogPluginManager: Mounting plugin ChaosNiagara
LogPluginManager: Mounting plugin ChaosSolverPlugin
LogPluginManager: Mounting plugin PluginBrowser
LogPluginManager: Mounting plugin CharacterAI
LogPluginManager: Mounting plugin GeometryCache
LogPluginManager: Mounting plugin GeometryCollectionPlugin
LogPluginManager: Mounting plugin GeometryProcessing
LogPluginManager: Mounting plugin MotoSynth
LogPluginManager: Mounting plugin OpenImageDenoise
LogPluginManager: Mounting plugin PlanarCut
LogPluginManager: Mounting plugin PlatformCrypto
LogPluginManager: Mounting plugin ProxyLODPlugin
LogPluginManager: Mounting plugin PythonScriptPlugin
LogPluginManager: Mounting plugin LuminPlatformFeatures
LogPluginManager: Mounting plugin MagicLeap
LogPluginManager: Mounting plugin SkeletalReduction
LogPluginManager: Mounting plugin MagicLeapLightEstimation
LogPluginManager: Mounting plugin MagicLeapMedia
LogPluginManager: Mounting plugin MLSDK
LogPluginManager: Mounting plugin MagicLeapPassableWorld
LogPluginManager: Mounting plugin AndroidMedia
LogPluginManager: Mounting plugin AvfMedia
LogPluginManager: Mounting plugin ImgMedia
LogPluginManager: Mounting plugin MediaCompositing
LogPluginManager: Mounting plugin WebMMedia
LogPluginManager: Mounting plugin WmfMedia
LogPluginManager: Mounting plugin TcpMessaging
LogPluginManager: Mounting plugin UdpMessaging
LogPluginManager: Mounting plugin MediaPlayerEditor
LogPluginManager: Mounting plugin ActorSequence
LogPluginManager: Mounting plugin LevelSequenceEditor
LogPluginManager: Mounting plugin CameraShakePreviewer
LogPluginManager: Mounting plugin TemplateSequence
LogPluginManager: Mounting plugin GameplayCameras
LogPluginManager: Mounting plugin OnlineSubsystem
LogPluginManager: Mounting plugin OnlineSubsystemNull
LogPluginManager: Mounting plugin OnlineSubsystemUtils
LogPluginManager: Mounting plugin LauncherChunkInstaller
LogPluginManager: Mounting plugin MatineeToLevelSequence
LogPluginManager: Mounting plugin ActorLayerUtilities
LogPluginManager: Mounting plugin AndroidDeviceProfileSelector
LogPluginManager: Mounting plugin AndroidMoviePlayer
LogPluginManager: Mounting plugin AndroidPermission
LogPluginManager: Mounting plugin AppleImageUtils
LogPluginManager: Mounting plugin AppleMoviePlayer
LogPluginManager: Mounting plugin ArchVisCharacter
LogPluginManager: Mounting plugin AssetTags
LogPluginManager: Mounting plugin AudioCapture
LogPluginManager: Mounting plugin AudioSynesthesia
LogPluginManager: Mounting plugin CableComponent
LogPluginManager: Mounting plugin ChunkDownloader
LogPluginManager: Mounting plugin CustomMeshComponent
LogPluginManager: Mounting plugin EditableMesh
LogPluginManager: Mounting plugin ExampleDeviceProfileSelector
LogPluginManager: Mounting plugin GoogleCloudMessaging
LogPluginManager: Mounting plugin GooglePAD
LogPluginManager: Mounting plugin LinuxDeviceProfileSelector
LogPluginManager: Mounting plugin IOSDeviceProfileSelector
LogPluginManager: Mounting plugin LocationServicesBPLibrary
LogPluginManager: Mounting plugin MobilePatchingUtils
LogPluginManager: Mounting plugin OpenXREyeTracker
LogPluginManager: Mounting plugin OpenXR
LogPluginManager: Mounting plugin OpenXRHandTracking
LogPluginManager: Mounting plugin PhysXVehicles
LogPluginManager: Mounting plugin PostSplashScreen
LogPluginManager: Mounting plugin ProceduralMeshComponent
LogPluginManager: Mounting plugin RuntimePhysXCooking
LogPluginManager: Mounting plugin SignificanceManager
LogPluginManager: Mounting plugin PropertyAccessEditor
LogPluginManager: Mounting plugin SoundFields
LogPluginManager: Mounting plugin Synthesis
LogPluginManager: Mounting plugin WebMMoviePlayer
LogPluginManager: Mounting plugin WindowsMoviePlayer
LogPluginManager: Mounting plugin ScreenshotTools
LogPluginManager: Mounting plugin Takes
LogPluginManager: Mounting plugin ContentBrowserAssetDataSource
LogPluginManager: Mounting plugin ContentBrowserClassDataSource
LogPluginManager: Mounting plugin ContentBrowserFileDataSource
LogPluginManager: Mounting plugin OnlineSubsystemIOS
LogPluginManager: Mounting plugin OnlineSubsystemGooglePlay
LogPluginManager: Mounting plugin OculusVR
LogPluginManager: Mounting plugin SteamVR
PixWinPlugin: PIX capture plugin failed to initialize! Check that the process is launched from PIX.
LogInit: Using libcurl 7.55.1-DEV
LogInit:  - built for x86_64-pc-win32
LogInit:  - supports SSL with OpenSSL/1.1.1
LogInit:  - supports HTTP deflate (compression) using libz 1.2.8
LogInit:  - other features:
LogInit:      CURL_VERSION_SSL
LogInit:      CURL_VERSION_LIBZ
LogInit:      CURL_VERSION_IPV6
LogInit:      CURL_VERSION_ASYNCHDNS
LogInit:      CURL_VERSION_LARGEFILE
LogInit:      CURL_VERSION_IDN
LogInit:  CurlRequestOptions (configurable via config and command line):
LogInit:  - bVerifyPeer = true  - Libcurl will verify peer certificate
LogInit:  - bUseHttpProxy = false  - Libcurl will NOT use HTTP proxy
LogInit:  - bDontReuseConnections = false  - Libcurl will reuse connections
LogInit:  - MaxHostConnections = 16  - Libcurl will limit the number of connections to a host
LogInit:  - LocalHostAddr = Default
LogInit:  - BufferSize = 65536
LogOnline: OSS: Creating online subsystem instance for: NULL
LogInit: WinSock: version 1.1 (2.2), MaxSocks=32767, MaxUdp=65467
LogOnline: OSS: TryLoadSubsystemAndSetDefault: Loaded subsystem for module [NULL]
LogOculusPluginWrapper: OculusPlugin initialized successfully
LogHMD: Failed initializing OVRPlugin 1.59.0
LogInit: Build: ++UE4+Release-4.27-CL-17155196
LogInit: Engine Version: 4.27.0-17155196+++UE4+Release-4.27
LogInit: Compatible Engine Version: 4.27.0-17155196+++UE4+Release-4.27
LogInit: Net CL: 17155196
LogInit: OS: Windows 10 (Release 2009) (), CPU: Intel(R) Core(TM) i5-9300H CPU @ 2.40GHz, GPU: NVIDIA GeForce RTX 2060
LogInit: Compiled (64-bit): Aug 13 2021 06:13:13
LogInit: Compiled with Visual C++: 19.24.28315.00
LogInit: Build Configuration: Development
LogInit: Branch Name: ++UE4+Release-4.27
LogInit: Command Line: 
LogInit: Base Directory: D:/Epic Games/UE_4.27/Engine/Binaries/Win64/
LogInit: Allocator: TBB
LogInit: Installed Engine Build: 1
LogDevObjectVersion: Number of dev versions registered: 29
LogDevObjectVersion:   Dev-Blueprints (B0D832E4-1F89-4F0D-ACCF-7EB736FD4AA2): 10
LogDevObjectVersion:   Dev-Build (E1C64328-A22C-4D53-A36C-8E866417BD8C): 0
LogDevObjectVersion:   Dev-Core (375EC13C-06E4-48FB-B500-84F0262A717E): 4
LogDevObjectVersion:   Dev-Editor (E4B068ED-F494-42E9-A231-DA0B2E46BB41): 40
LogDevObjectVersion:   Dev-Framework (CFFC743F-43B0-4480-9391-14DF171D2073): 37
LogDevObjectVersion:   Dev-Mobile (B02B49B5-BB20-44E9-A304-32B752E40360): 3
LogDevObjectVersion:   Dev-Networking (A4E4105C-59A1-49B5-A7C5-40C4547EDFEE): 0
LogDevObjectVersion:   Dev-Online (39C831C9-5AE6-47DC-9A44-9C173E1C8E7C): 0
LogDevObjectVersion:   Dev-Physics (78F01B33-EBEA-4F98-B9B4-84EACCB95AA2): 14
LogDevObjectVersion:   Dev-Platform (6631380F-2D4D-43E0-8009-CF276956A95A): 0
LogDevObjectVersion:   Dev-Rendering (12F88B9F-8875-4AFC-A67C-D90C383ABD29): 45
LogDevObjectVersion:   Dev-Sequencer (7B5AE74C-D270-4C10-A958-57980B212A5A): 13
LogDevObjectVersion:   Dev-VR (D7296918-1DD6-4BDD-9DE2-64A83CC13884): 3
LogDevObjectVersion:   Dev-LoadTimes (C2A15278-BFE7-4AFE-6C17-90FF531DF755): 1
LogDevObjectVersion:   Private-Geometry (6EACA3D4-40EC-4CC1-B786-8BED09428FC5): 3
LogDevObjectVersion:   Dev-AnimPhys (29E575DD-E0A3-4627-9D10-D276232CDCEA): 17
LogDevObjectVersion:   Dev-Anim (AF43A65D-7FD3-4947-9873-3E8ED9C1BB05): 15
LogDevObjectVersion:   Dev-ReflectionCapture (6B266CEC-1EC7-4B8F-A30B-E4D90942FC07): 1
LogDevObjectVersion:   Dev-Automation (0DF73D61-A23F-47EA-B727-89E90C41499A): 1
LogDevObjectVersion:   FortniteMain (601D1886-AC64-4F84-AA16-D3DE0DEAC7D6): 47
LogDevObjectVersion:   FortniteRelease (E7086368-6B23-4C58-8439-1B7016265E91): 1
LogDevObjectVersion:   Dev-Enterprise (9DFFBCD6-494F-0158-E221-12823C92A888): 10
LogDevObjectVersion:   Dev-Niagara (F2AED0AC-9AFE-416F-8664-AA7FFA26D6FC): 1
LogDevObjectVersion:   Dev-Destruction (174F1F0B-B4C6-45A5-B13F-2EE8D0FB917D): 10
LogDevObjectVersion:   Dev-Physics-Ext (35F94A83-E258-406C-A318-09F59610247C): 41
LogDevObjectVersion:   Dev-PhysicsMaterial-Chaos (B68FC16E-8B1B-42E2-B453-215C058844FE): 1
LogDevObjectVersion:   Dev-CineCamera (B2E18506-4273-CFC2-A54E-F4BB758BBA07): 1
LogDevObjectVersion:   Dev-VirtualProduction (64F58936-FD1B-42BA-BA96-7289D5D0FA4E): 1
LogDevObjectVersion:   Dev-MediaFramework (6F0ED827-A609-4895-9C91-998D90180EA4): 2
LogInit: Presizing for max 25165824 objects, including 0 objects not considered by GC, pre-allocating 0 bytes for permanent pool.
LogConfig: Applying CVar settings from Section [/Script/Engine.StreamingSettings] File [D:/Github/ToTheBeat/ToTheBeat/Saved/Config/Windows/Engine.ini]
LogConfig: Setting CVar [[s.MinBulkDataSizeForAsyncLoading:131072]]
LogConfig: Setting CVar [[s.AsyncLoadingThreadEnabled:0]]
LogConfig: Setting CVar [[s.EventDrivenLoaderEnabled:1]]
LogConfig: Setting CVar [[s.WarnIfTimeLimitExceeded:0]]
LogConfig: Setting CVar [[s.TimeLimitExceededMultiplier:1.5]]
LogConfig: Setting CVar [[s.TimeLimitExceededMinTime:0.005]]
LogConfig: Setting CVar [[s.UseBackgroundLevelStreaming:1]]
LogConfig: Setting CVar [[s.PriorityAsyncLoadingExtraTime:15.0]]
LogConfig: Setting CVar [[s.LevelStreamingActorsUpdateTimeLimit:5.0]]
LogConfig: Setting CVar [[s.PriorityLevelStreamingActorsUpdateExtraTime:5.0]]
LogConfig: Setting CVar [[s.LevelStreamingComponentsRegistrationGranularity:10]]
LogConfig: Setting CVar [[s.UnregisterComponentsTimeLimit:1.0]]
LogConfig: Setting CVar [[s.LevelStreamingComponentsUnregistrationGranularity:5]]
LogConfig: Setting CVar [[s.FlushStreamingOnExit:1]]
LogInit: Object subsystem initialized
LogConfig: Setting CVar [[con.DebugEarlyDefault:1]]
LogConfig: Setting CVar [[r.setres:1280x720]]
[2021.12.27-09.31.53:535][  0]LogConfig: Setting CVar [[r.VSync:0]]
[2021.12.27-09.31.53:535][  0]LogConfig: Setting CVar [[r.RHICmdBypass:0]]
[2021.12.27-09.31.53:536][  0]LogConfig: Applying CVar settings from Section [/Script/Engine.RendererSettings] File [D:/Github/ToTheBeat/ToTheBeat/Saved/Config/Windows/Engine.ini]
[2021.12.27-09.31.53:536][  0]LogConfig: Setting CVar [[r.GPUCrashDebugging:0]]
[2021.12.27-09.31.53:536][  0]LogConfig: Applying CVar settings from Section [/Script/Engine.RendererOverrideSettings] File [D:/Github/ToTheBeat/ToTheBeat/Saved/Config/Windows/Engine.ini]
[2021.12.27-09.31.53:536][  0]LogConfig: Applying CVar settings from Section [/Script/Engine.StreamingSettings] File [D:/Github/ToTheBeat/ToTheBeat/Saved/Config/Windows/Engine.ini]
[2021.12.27-09.31.53:536][  0]LogConfig: Setting CVar [[s.MinBulkDataSizeForAsyncLoading:131072]]
[2021.12.27-09.31.53:536][  0]LogConfig: Setting CVar [[s.AsyncLoadingThreadEnabled:0]]
[2021.12.27-09.31.53:536][  0]LogConfig: Setting CVar [[s.EventDrivenLoaderEnabled:1]]
[2021.12.27-09.31.53:536][  0]LogConfig: Setting CVar [[s.WarnIfTimeLimitExceeded:0]]
[2021.12.27-09.31.53:536][  0]LogConfig: Setting CVar [[s.TimeLimitExceededMultiplier:1.5]]
[2021.12.27-09.31.53:536][  0]LogConfig: Setting CVar [[s.TimeLimitExceededMinTime:0.005]]
[2021.12.27-09.31.53:536][  0]LogConfig: Setting CVar [[s.UseBackgroundLevelStreaming:1]]
[2021.12.27-09.31.53:536][  0]LogConfig: Setting CVar [[s.PriorityAsyncLoadingExtraTime:15.0]]
[2021.12.27-09.31.53:536][  0]LogConfig: Setting CVar [[s.LevelStreamingActorsUpdateTimeLimit:5.0]]
[2021.12.27-09.31.53:536][  0]LogConfig: Setting CVar [[s.PriorityLevelStreamingActorsUpdateExtraTime:5.0]]
[2021.12.27-09.31.53:536][  0]LogConfig: Setting CVar [[s.LevelStreamingComponentsRegistrationGranularity:10]]
[2021.12.27-09.31.53:536][  0]LogConfig: Setting CVar [[s.UnregisterComponentsTimeLimit:1.0]]
[2021.12.27-09.31.53:536][  0]LogConfig: Setting CVar [[s.LevelStreamingComponentsUnregistrationGranularity:5]]
[2021.12.27-09.31.53:536][  0]LogConfig: Setting CVar [[s.FlushStreamingOnExit:1]]
[2021.12.27-09.31.53:536][  0]LogConfig: Applying CVar settings from Section [/Script/Engine.GarbageCollectionSettings] File [D:/Github/ToTheBeat/ToTheBeat/Saved/Config/Windows/Engine.ini]
[2021.12.27-09.31.53:536][  0]LogConfig: Setting CVar [[gc.MaxObjectsNotConsideredByGC:1]]
[2021.12.27-09.31.53:536][  0]LogConfig: Setting CVar [[gc.SizeOfPermanentObjectPool:0]]
[2021.12.27-09.31.53:536][  0]LogConfig: Setting CVar [[gc.FlushStreamingOnGC:0]]
[2021.12.27-09.31.53:536][  0]LogConfig: Setting CVar [[gc.NumRetriesBeforeForcingGC:10]]
[2021.12.27-09.31.53:536][  0]LogConfig: Setting CVar [[gc.AllowParallelGC:1]]
[2021.12.27-09.31.53:536][  0]LogConfig: Setting CVar [[gc.TimeBetweenPurgingPendingKillObjects:61.1]]
[2021.12.27-09.31.53:536][  0]LogConfig: Setting CVar [[gc.MaxObjectsInEditor:25165824]]
[2021.12.27-09.31.53:536][  0]LogConfig: Setting CVar [[gc.IncrementalBeginDestroyEnabled:1]]
[2021.12.27-09.31.53:536][  0]LogConfig: Setting CVar [[gc.CreateGCClusters:1]]
[2021.12.27-09.31.53:536][  0]LogConfig: Setting CVar [[gc.MinGCClusterSize:5]]
[2021.12.27-09.31.53:536][  0]LogConfig: Setting CVar [[gc.ActorClusteringEnabled:0]]
[2021.12.27-09.31.53:536][  0]LogConfig: Setting CVar [[gc.BlueprintClusteringEnabled:0]]
[2021.12.27-09.31.53:536][  0]LogConfig: Setting CVar [[gc.UseDisregardForGCOnDedicatedServers:0]]
[2021.12.27-09.31.53:536][  0]LogConfig: Setting CVar [[gc.MultithreadedDestructionEnabled:1]]
[2021.12.27-09.31.53:536][  0]LogConfig: Applying CVar settings from Section [/Script/Engine.NetworkSettings] File [D:/Github/ToTheBeat/ToTheBeat/Saved/Config/Windows/Engine.ini]
[2021.12.27-09.31.53:536][  0]LogConfig: Applying CVar settings from Section [/Script/UnrealEd.CookerSettings] File [D:/Github/ToTheBeat/ToTheBeat/Saved/Config/Windows/Engine.ini]
[2021.12.27-09.31.53:665][  0]LogConfig: Applying CVar settings from Section [ViewDistanceQuality@3] File [D:/Github/ToTheBeat/ToTheBeat/Saved/Config/Windows/Scalability.ini]
[2021.12.27-09.31.53:665][  0]LogConfig: Setting CVar [[r.SkeletalMeshLODBias:0]]
[2021.12.27-09.31.53:665][  0]LogConfig: Setting CVar [[r.ViewDistanceScale:1.0]]
[2021.12.27-09.31.53:665][  0]LogConfig: Applying CVar settings from Section [AntiAliasingQuality@3] File [D:/Github/ToTheBeat/ToTheBeat/Saved/Config/Windows/Scalability.ini]
[2021.12.27-09.31.53:666][  0]LogConfig: Setting CVar [[r.PostProcessAAQuality:4]]
[2021.12.27-09.31.53:666][  0]LogConfig: Applying CVar settings from Section [ShadowQuality@3] File [D:/Github/ToTheBeat/ToTheBeat/Saved/Config/Windows/Scalability.ini]
[2021.12.27-09.31.53:666][  0]LogConfig: Setting CVar [[r.LightFunctionQuality:1]]
[2021.12.27-09.31.53:666][  0]LogConfig: Setting CVar [[r.ShadowQuality:5]]
[2021.12.27-09.31.53:666][  0]LogConfig: Setting CVar [[r.Shadow.CSM.MaxCascades:10]]
[2021.12.27-09.31.53:666][  0]LogConfig: Setting CVar [[r.Shadow.MaxResolution:2048]]
[2021.12.27-09.31.53:666][  0]LogConfig: Setting CVar [[r.Shadow.MaxCSMResolution:2048]]
[2021.12.27-09.31.53:666][  0]LogConfig: Setting CVar [[r.Shadow.RadiusThreshold:0.01]]
[2021.12.27-09.31.53:666][  0]LogConfig: Setting CVar [[r.Shadow.DistanceScale:1.0]]
[2021.12.27-09.31.53:666][  0]LogConfig: Setting CVar [[r.Shadow.CSM.TransitionScale:1.0]]
[2021.12.27-09.31.53:666][  0]LogConfig: Setting CVar [[r.Shadow.PreShadowResolutionFactor:1.0]]
[2021.12.27-09.31.53:666][  0]LogConfig: Setting CVar [[r.DistanceFieldShadowing:1]]
[2021.12.27-09.31.53:666][  0]LogConfig: Setting CVar [[r.DistanceFieldAO:1]]
[2021.12.27-09.31.53:666][  0]LogConfig: Setting CVar [[r.AOQuality:2]]
[2021.12.27-09.31.53:666][  0]LogConfig: Setting CVar [[r.VolumetricFog:1]]
[2021.12.27-09.31.53:666][  0]LogConfig: Setting CVar [[r.VolumetricFog.GridPixelSize:8]]
[2021.12.27-09.31.53:666][  0]LogConfig: Setting CVar [[r.VolumetricFog.GridSizeZ:128]]
[2021.12.27-09.31.53:666][  0]LogConfig: Setting CVar [[r.VolumetricFog.HistoryMissSupersampleCount:4]]
[2021.12.27-09.31.53:666][  0]LogConfig: Setting CVar [[r.LightMaxDrawDistanceScale:1]]
[2021.12.27-09.31.53:666][  0]LogConfig: Setting CVar [[r.CapsuleShadows:1]]
[2021.12.27-09.31.53:666][  0]LogConfig: Applying CVar settings from Section [PostProcessQuality@3] File [D:/Github/ToTheBeat/ToTheBeat/Saved/Config/Windows/Scalability.ini]
[2021.12.27-09.31.53:666][  0]LogConfig: Setting CVar [[r.MotionBlurQuality:4]]
[2021.12.27-09.31.53:666][  0]LogConfig: Setting CVar [[r.AmbientOcclusionMipLevelFactor:0.4]]
[2021.12.27-09.31.53:666][  0]LogConfig: Setting CVar [[r.AmbientOcclusionMaxQuality:100]]
[2021.12.27-09.31.53:666][  0]LogConfig: Setting CVar [[r.AmbientOcclusionLevels:-1]]
[2021.12.27-09.31.53:666][  0]LogConfig: Setting CVar [[r.AmbientOcclusionRadiusScale:1.0]]
[2021.12.27-09.31.53:666][  0]LogConfig: Setting CVar [[r.DepthOfFieldQuality:2]]
[2021.12.27-09.31.53:666][  0]LogConfig: Setting CVar [[r.RenderTargetPoolMin:400]]
[2021.12.27-09.31.53:666][  0]LogConfig: Setting CVar [[r.LensFlareQuality:2]]
[2021.12.27-09.31.53:666][  0]LogConfig: Setting CVar [[r.SceneColorFringeQuality:1]]
[2021.12.27-09.31.53:666][  0]LogConfig: Setting CVar [[r.EyeAdaptationQuality:2]]
[2021.12.27-09.31.53:666][  0]LogConfig: Setting CVar [[r.BloomQuality:5]]
[2021.12.27-09.31.53:666][  0]LogConfig: Setting CVar [[r.FastBlurThreshold:100]]
[2021.12.27-09.31.53:666][  0]LogConfig: Setting CVar [[r.Upscale.Quality:3]]
[2021.12.27-09.31.53:666][  0]LogConfig: Setting CVar [[r.Tonemapper.GrainQuantization:1]]
[2021.12.27-09.31.53:666][  0]LogConfig: Setting CVar [[r.LightShaftQuality:1]]
[2021.12.27-09.31.53:666][  0]LogConfig: Setting CVar [[r.Filter.SizeScale:1]]
[2021.12.27-09.31.53:666][  0]LogConfig: Setting CVar [[r.Tonemapper.Quality:5]]
[2021.12.27-09.31.53:666][  0]LogConfig: Setting CVar [[r.DOF.Gather.AccumulatorQuality:1        ; higher gathering accumulator quality]]
[2021.12.27-09.31.53:666][  0]LogConfig: Setting CVar [[r.DOF.Gather.PostfilterMethod:1          ; Median3x3 postfilering method]]
[2021.12.27-09.31.53:666][  0]LogConfig: Setting CVar [[r.DOF.Gather.EnableBokehSettings:0       ; no bokeh simulation when gathering]]
[2021.12.27-09.31.53:666][  0]LogConfig: Setting CVar [[r.DOF.Gather.RingCount:4                 ; medium number of samples when gathering]]
[2021.12.27-09.31.53:666][  0]LogConfig: Setting CVar [[r.DOF.Scatter.ForegroundCompositing:1    ; additive foreground scattering]]
[2021.12.27-09.31.53:666][  0]LogConfig: Setting CVar [[r.DOF.Scatter.BackgroundCompositing:2    ; additive background scattering]]
[2021.12.27-09.31.53:666][  0]LogConfig: Setting CVar [[r.DOF.Scatter.EnableBokehSettings:1      ; bokeh simulation when scattering]]
[2021.12.27-09.31.53:666][  0]LogConfig: Setting CVar [[r.DOF.Scatter.MaxSpriteRatio:0.1         ; only a maximum of 10% of scattered bokeh]]
[2021.12.27-09.31.53:666][  0]LogConfig: Setting CVar [[r.DOF.Recombine.Quality:1                ; cheap slight out of focus]]
[2021.12.27-09.31.53:666][  0]LogConfig: Setting CVar [[r.DOF.Recombine.EnableBokehSettings:0    ; no bokeh simulation on slight out of focus]]
[2021.12.27-09.31.53:666][  0]LogConfig: Setting CVar [[r.DOF.TemporalAAQuality:1                ; more stable temporal accumulation]]
[2021.12.27-09.31.53:666][  0]LogConfig: Setting CVar [[r.DOF.Kernel.MaxForegroundRadius:0.025]]
[2021.12.27-09.31.53:666][  0]LogConfig: Setting CVar [[r.DOF.Kernel.MaxBackgroundRadius:0.025]]
[2021.12.27-09.31.53:667][  0]LogConfig: Applying CVar settings from Section [TextureQuality@3] File [D:/Github/ToTheBeat/ToTheBeat/Saved/Config/Windows/Scalability.ini]
[2021.12.27-09.31.53:667][  0]LogConfig: Setting CVar [[r.Streaming.MipBias:0]]
[2021.12.27-09.31.53:667][  0]LogConfig: Setting CVar [[r.Streaming.AmortizeCPUToGPUCopy:0]]
[2021.12.27-09.31.53:667][  0]LogConfig: Setting CVar [[r.Streaming.MaxNumTexturesToStreamPerFrame:0]]
[2021.12.27-09.31.53:667][  0]LogConfig: Setting CVar [[r.Streaming.Boost:1]]
[2021.12.27-09.31.53:667][  0]LogConfig: Setting CVar [[r.MaxAnisotropy:8]]
[2021.12.27-09.31.53:667][  0]LogConfig: Setting CVar [[r.VT.MaxAnisotropy:8]]
[2021.12.27-09.31.53:667][  0]LogConfig: Setting CVar [[r.Streaming.LimitPoolSizeToVRAM:0]]
[2021.12.27-09.31.53:667][  0]LogConfig: Setting CVar [[r.Streaming.PoolSize:1000]]
[2021.12.27-09.31.53:667][  0]LogConfig: Setting CVar [[r.Streaming.MaxEffectiveScreenSize:0]]
[2021.12.27-09.31.53:667][  0]LogConfig: Applying CVar settings from Section [EffectsQuality@3] File [D:/Github/ToTheBeat/ToTheBeat/Saved/Config/Windows/Scalability.ini]
[2021.12.27-09.31.53:667][  0]LogConfig: Setting CVar [[r.TranslucencyLightingVolumeDim:64]]
[2021.12.27-09.31.53:667][  0]LogConfig: Setting CVar [[r.RefractionQuality:2]]
[2021.12.27-09.31.53:667][  0]LogConfig: Setting CVar [[r.SSR.Quality:3]]
[2021.12.27-09.31.53:667][  0]LogConfig: Setting CVar [[r.SSR.HalfResSceneColor:0]]
[2021.12.27-09.31.53:667][  0]LogConfig: Setting CVar [[r.SceneColorFormat:4]]
[2021.12.27-09.31.53:667][  0]LogConfig: Setting CVar [[r.DetailMode:2]]
[2021.12.27-09.31.53:667][  0]LogConfig: Setting CVar [[r.TranslucencyVolumeBlur:1]]
[2021.12.27-09.31.53:667][  0]LogConfig: Setting CVar [[r.MaterialQualityLevel:1 ; High quality]]
[2021.12.27-09.31.53:667][  0]LogConfig: Setting CVar [[r.AnisotropicMaterials:1]]
[2021.12.27-09.31.53:667][  0]LogConfig: Setting CVar [[r.SSS.Scale:1]]
[2021.12.27-09.31.53:667][  0]LogConfig: Setting CVar [[r.SSS.SampleSet:2]]
[2021.12.27-09.31.53:667][  0]LogConfig: Setting CVar [[r.SSS.Quality:1]]
[2021.12.27-09.31.53:667][  0]LogConfig: Setting CVar [[r.SSS.HalfRes:0]]
[2021.12.27-09.31.53:667][  0]LogConfig: Setting CVar [[r.SSGI.Quality:3]]
[2021.12.27-09.31.53:667][  0]LogConfig: Setting CVar [[r.EmitterSpawnRateScale:1.0]]
[2021.12.27-09.31.53:667][  0]LogConfig: Setting CVar [[r.ParticleLightQuality:2]]
[2021.12.27-09.31.53:667][  0]LogConfig: Setting CVar [[r.SkyAtmosphere.AerialPerspectiveLUT.FastApplyOnOpaque:1 ; Always have FastSkyLUT 1 in this case to avoid wrong sky]]
[2021.12.27-09.31.53:667][  0]LogConfig: Setting CVar [[r.SkyAtmosphere.AerialPerspectiveLUT.SampleCountMaxPerSlice:4]]
[2021.12.27-09.31.53:667][  0]LogConfig: Setting CVar [[r.SkyAtmosphere.AerialPerspectiveLUT.DepthResolution:16.0]]
[2021.12.27-09.31.53:667][  0]LogConfig: Setting CVar [[r.SkyAtmosphere.FastSkyLUT:1]]
[2021.12.27-09.31.53:667][  0]LogConfig: Setting CVar [[r.SkyAtmosphere.FastSkyLUT.SampleCountMin:4.0]]
[2021.12.27-09.31.53:667][  0]LogConfig: Setting CVar [[r.SkyAtmosphere.FastSkyLUT.SampleCountMax:128.0]]
[2021.12.27-09.31.53:667][  0]LogConfig: Setting CVar [[r.SkyAtmosphere.SampleCountMin:4.0]]
[2021.12.27-09.31.53:667][  0]LogConfig: Setting CVar [[r.SkyAtmosphere.SampleCountMax:128.0]]
[2021.12.27-09.31.53:667][  0]LogConfig: Setting CVar [[r.SkyAtmosphere.TransmittanceLUT.UseSmallFormat:0]]
[2021.12.27-09.31.53:667][  0]LogConfig: Setting CVar [[r.SkyAtmosphere.TransmittanceLUT.SampleCount:10.0]]
[2021.12.27-09.31.53:667][  0]LogConfig: Setting CVar [[r.SkyAtmosphere.MultiScatteringLUT.SampleCount:15.0]]
[2021.12.27-09.31.53:667][  0]LogConfig: Setting CVar [[r.SkyLight.RealTimeReflectionCapture:1]]
[2021.12.27-09.31.53:667][  0]LogConfig: Applying CVar settings from Section [FoliageQuality@3] File [D:/Github/ToTheBeat/ToTheBeat/Saved/Config/Windows/Scalability.ini]
[2021.12.27-09.31.53:667][  0]LogConfig: Setting CVar [[foliage.DensityScale:1.0]]
[2021.12.27-09.31.53:667][  0]LogConfig: Setting CVar [[grass.DensityScale:1.0]]
[2021.12.27-09.31.53:667][  0]LogConfig: Applying CVar settings from Section [ShadingQuality@3] File [D:/Github/ToTheBeat/ToTheBeat/Saved/Config/Windows/Scalability.ini]
[2021.12.27-09.31.53:667][  0]LogConfig: Setting CVar [[r.HairStrands.SkyLighting.IntegrationType:2]]
[2021.12.27-09.31.53:667][  0]LogConfig: Setting CVar [[r.HairStrands.SkyAO.SampleCount:4]]
[2021.12.27-09.31.53:667][  0]LogConfig: Setting CVar [[r.HairStrands.Visibility.MSAA.SamplePerPixel:4]]
[2021.12.27-09.31.53:673][  0]LogInit: Selected Device Profile: [Windows]
[2021.12.27-09.31.53:682][  0]LogInit: Applying CVar settings loaded from the selected device profile: [Windows]
[2021.12.27-09.31.53:719][  0]LogHAL: Display: Platform has ~ 16 GB [17052213248 / 17179869184 / 16], which maps to Larger [LargestMinGB=32, LargerMinGB=12, DefaultMinGB=8, SmallerMinGB=6, SmallestMinGB=0)
[2021.12.27-09.31.53:719][  0]LogInit: Going up to parent DeviceProfile []
[2021.12.27-09.31.53:733][  0]LogConfig: Applying CVar settings from Section [ViewDistanceQuality@3] File [D:/Github/ToTheBeat/ToTheBeat/Saved/Config/Windows/Scalability.ini]
[2021.12.27-09.31.53:733][  0]LogConfig: Setting CVar [[r.SkeletalMeshLODBias:0]]
[2021.12.27-09.31.53:733][  0]LogConfig: Setting CVar [[r.ViewDistanceScale:1.0]]
[2021.12.27-09.31.53:733][  0]LogConfig: Applying CVar settings from Section [AntiAliasingQuality@3] File [D:/Github/ToTheBeat/ToTheBeat/Saved/Config/Windows/Scalability.ini]
[2021.12.27-09.31.53:733][  0]LogConfig: Setting CVar [[r.PostProcessAAQuality:4]]
[2021.12.27-09.31.53:733][  0]LogConfig: Applying CVar settings from Section [ShadowQuality@3] File [D:/Github/ToTheBeat/ToTheBeat/Saved/Config/Windows/Scalability.ini]
[2021.12.27-09.31.53:733][  0]LogConfig: Setting CVar [[r.LightFunctionQuality:1]]
[2021.12.27-09.31.53:733][  0]LogConfig: Setting CVar [[r.ShadowQuality:5]]
[2021.12.27-09.31.53:733][  0]LogConfig: Setting CVar [[r.Shadow.CSM.MaxCascades:10]]
[2021.12.27-09.31.53:733][  0]LogConfig: Setting CVar [[r.Shadow.MaxResolution:2048]]
[2021.12.27-09.31.53:733][  0]LogConfig: Setting CVar [[r.Shadow.MaxCSMResolution:2048]]
[2021.12.27-09.31.53:733][  0]LogConfig: Setting CVar [[r.Shadow.RadiusThreshold:0.01]]
[2021.12.27-09.31.53:733][  0]LogConfig: Setting CVar [[r.Shadow.DistanceScale:1.0]]
[2021.12.27-09.31.53:733][  0]LogConfig: Setting CVar [[r.Shadow.CSM.TransitionScale:1.0]]
[2021.12.27-09.31.53:733][  0]LogConfig: Setting CVar [[r.Shadow.PreShadowResolutionFactor:1.0]]
[2021.12.27-09.31.53:733][  0]LogConfig: Setting CVar [[r.DistanceFieldShadowing:1]]
[2021.12.27-09.31.53:733][  0]LogConfig: Setting CVar [[r.DistanceFieldAO:1]]
[2021.12.27-09.31.53:733][  0]LogConfig: Setting CVar [[r.AOQuality:2]]
[2021.12.27-09.31.53:733][  0]LogConfig: Setting CVar [[r.VolumetricFog:1]]
[2021.12.27-09.31.53:733][  0]LogConfig: Setting CVar [[r.VolumetricFog.GridPixelSize:8]]
[2021.12.27-09.31.53:733][  0]LogConfig: Setting CVar [[r.VolumetricFog.GridSizeZ:128]]
[2021.12.27-09.31.53:733][  0]LogConfig: Setting CVar [[r.VolumetricFog.HistoryMissSupersampleCount:4]]
[2021.12.27-09.31.53:733][  0]LogConfig: Setting CVar [[r.LightMaxDrawDistanceScale:1]]
[2021.12.27-09.31.53:733][  0]LogConfig: Setting CVar [[r.CapsuleShadows:1]]
[2021.12.27-09.31.53:733][  0]LogConfig: Applying CVar settings from Section [PostProcessQuality@3] File [D:/Github/ToTheBeat/ToTheBeat/Saved/Config/Windows/Scalability.ini]
[2021.12.27-09.31.53:733][  0]LogConfig: Setting CVar [[r.MotionBlurQuality:4]]
[2021.12.27-09.31.53:733][  0]LogConfig: Setting CVar [[r.AmbientOcclusionMipLevelFactor:0.4]]
[2021.12.27-09.31.53:733][  0]LogConfig: Setting CVar [[r.AmbientOcclusionMaxQuality:100]]
[2021.12.27-09.31.53:733][  0]LogConfig: Setting CVar [[r.AmbientOcclusionLevels:-1]]
[2021.12.27-09.31.53:733][  0]LogConfig: Setting CVar [[r.AmbientOcclusionRadiusScale:1.0]]
[2021.12.27-09.31.53:733][  0]LogConfig: Setting CVar [[r.DepthOfFieldQuality:2]]
[2021.12.27-09.31.53:733][  0]LogConfig: Setting CVar [[r.RenderTargetPoolMin:400]]
[2021.12.27-09.31.53:733][  0]LogConfig: Setting CVar [[r.LensFlareQuality:2]]
[2021.12.27-09.31.53:733][  0]LogConfig: Setting CVar [[r.SceneColorFringeQuality:1]]
[2021.12.27-09.31.53:733][  0]LogConfig: Setting CVar [[r.EyeAdaptationQuality:2]]
[2021.12.27-09.31.53:734][  0]LogConfig: Setting CVar [[r.BloomQuality:5]]
[2021.12.27-09.31.53:734][  0]LogConfig: Setting CVar [[r.FastBlurThreshold:100]]
[2021.12.27-09.31.53:734][  0]LogConfig: Setting CVar [[r.Upscale.Quality:3]]
[2021.12.27-09.31.53:734][  0]LogConfig: Setting CVar [[r.Tonemapper.GrainQuantization:1]]
[2021.12.27-09.31.53:734][  0]LogConfig: Setting CVar [[r.LightShaftQuality:1]]
[2021.12.27-09.31.53:734][  0]LogConfig: Setting CVar [[r.Filter.SizeScale:1]]
[2021.12.27-09.31.53:734][  0]LogConfig: Setting CVar [[r.Tonemapper.Quality:5]]
[2021.12.27-09.31.53:734][  0]LogConfig: Setting CVar [[r.DOF.Gather.AccumulatorQuality:1        ; higher gathering accumulator quality]]
[2021.12.27-09.31.53:734][  0]LogConfig: Setting CVar [[r.DOF.Gather.PostfilterMethod:1          ; Median3x3 postfilering method]]
[2021.12.27-09.31.53:734][  0]LogConfig: Setting CVar [[r.DOF.Gather.EnableBokehSettings:0       ; no bokeh simulation when gathering]]
[2021.12.27-09.31.53:734][  0]LogConfig: Setting CVar [[r.DOF.Gather.RingCount:4                 ; medium number of samples when gathering]]
[2021.12.27-09.31.53:734][  0]LogConfig: Setting CVar [[r.DOF.Scatter.ForegroundCompositing:1    ; additive foreground scattering]]
[2021.12.27-09.31.53:734][  0]LogConfig: Setting CVar [[r.DOF.Scatter.BackgroundCompositing:2    ; additive background scattering]]
[2021.12.27-09.31.53:734][  0]LogConfig: Setting CVar [[r.DOF.Scatter.EnableBokehSettings:1      ; bokeh simulation when scattering]]
[2021.12.27-09.31.53:734][  0]LogConfig: Setting CVar [[r.DOF.Scatter.MaxSpriteRatio:0.1         ; only a maximum of 10% of scattered bokeh]]
[2021.12.27-09.31.53:734][  0]LogConfig: Setting CVar [[r.DOF.Recombine.Quality:1                ; cheap slight out of focus]]
[2021.12.27-09.31.53:734][  0]LogConfig: Setting CVar [[r.DOF.Recombine.EnableBokehSettings:0    ; no bokeh simulation on slight out of focus]]
[2021.12.27-09.31.53:734][  0]LogConfig: Setting CVar [[r.DOF.TemporalAAQuality:1                ; more stable temporal accumulation]]
[2021.12.27-09.31.53:734][  0]LogConfig: Setting CVar [[r.DOF.Kernel.MaxForegroundRadius:0.025]]
[2021.12.27-09.31.53:734][  0]LogConfig: Setting CVar [[r.DOF.Kernel.MaxBackgroundRadius:0.025]]
[2021.12.27-09.31.53:734][  0]LogConfig: Applying CVar settings from Section [TextureQuality@3] File [D:/Github/ToTheBeat/ToTheBeat/Saved/Config/Windows/Scalability.ini]
[2021.12.27-09.31.53:734][  0]LogConfig: Setting CVar [[r.Streaming.MipBias:0]]
[2021.12.27-09.31.53:734][  0]LogConfig: Setting CVar [[r.Streaming.AmortizeCPUToGPUCopy:0]]
[2021.12.27-09.31.53:734][  0]LogConfig: Setting CVar [[r.Streaming.MaxNumTexturesToStreamPerFrame:0]]
[2021.12.27-09.31.53:734][  0]LogConfig: Setting CVar [[r.Streaming.Boost:1]]
[2021.12.27-09.31.53:734][  0]LogConfig: Setting CVar [[r.MaxAnisotropy:8]]
[2021.12.27-09.31.53:734][  0]LogConfig: Setting CVar [[r.VT.MaxAnisotropy:8]]
[2021.12.27-09.31.53:734][  0]LogConfig: Setting CVar [[r.Streaming.LimitPoolSizeToVRAM:0]]
[2021.12.27-09.31.53:734][  0]LogConfig: Setting CVar [[r.Streaming.PoolSize:1000]]
[2021.12.27-09.31.53:734][  0]LogConfig: Setting CVar [[r.Streaming.MaxEffectiveScreenSize:0]]
[2021.12.27-09.31.53:734][  0]LogConfig: Applying CVar settings from Section [EffectsQuality@3] File [D:/Github/ToTheBeat/ToTheBeat/Saved/Config/Windows/Scalability.ini]
[2021.12.27-09.31.53:734][  0]LogConfig: Setting CVar [[r.TranslucencyLightingVolumeDim:64]]
[2021.12.27-09.31.53:734][  0]LogConfig: Setting CVar [[r.RefractionQuality:2]]
[2021.12.27-09.31.53:734][  0]LogConfig: Setting CVar [[r.SSR.Quality:3]]
[2021.12.27-09.31.53:734][  0]LogConfig: Setting CVar [[r.SSR.HalfResSceneColor:0]]
[2021.12.27-09.31.53:734][  0]LogConfig: Setting CVar [[r.SceneColorFormat:4]]
[2021.12.27-09.31.53:734][  0]LogConfig: Setting CVar [[r.DetailMode:2]]
[2021.12.27-09.31.53:734][  0]LogConfig: Setting CVar [[r.TranslucencyVolumeBlur:1]]
[2021.12.27-09.31.53:734][  0]LogConfig: Setting CVar [[r.MaterialQualityLevel:1 ; High quality]]
[2021.12.27-09.31.53:734][  0]LogConfig: Setting CVar [[r.AnisotropicMaterials:1]]
[2021.12.27-09.31.53:734][  0]LogConfig: Setting CVar [[r.SSS.Scale:1]]
[2021.12.27-09.31.53:734][  0]LogConfig: Setting CVar [[r.SSS.SampleSet:2]]
[2021.12.27-09.31.53:734][  0]LogConfig: Setting CVar [[r.SSS.Quality:1]]
[2021.12.27-09.31.53:734][  0]LogConfig: Setting CVar [[r.SSS.HalfRes:0]]
[2021.12.27-09.31.53:734][  0]LogConfig: Setting CVar [[r.SSGI.Quality:3]]
[2021.12.27-09.31.53:734][  0]LogConfig: Setting CVar [[r.EmitterSpawnRateScale:1.0]]
[2021.12.27-09.31.53:734][  0]LogConfig: Setting CVar [[r.ParticleLightQuality:2]]
[2021.12.27-09.31.53:734][  0]LogConfig: Setting CVar [[r.SkyAtmosphere.AerialPerspectiveLUT.FastApplyOnOpaque:1 ; Always have FastSkyLUT 1 in this case to avoid wrong sky]]
[2021.12.27-09.31.53:734][  0]LogConfig: Setting CVar [[r.SkyAtmosphere.AerialPerspectiveLUT.SampleCountMaxPerSlice:4]]
[2021.12.27-09.31.53:734][  0]LogConfig: Setting CVar [[r.SkyAtmosphere.AerialPerspectiveLUT.DepthResolution:16.0]]
[2021.12.27-09.31.53:734][  0]LogConfig: Setting CVar [[r.SkyAtmosphere.FastSkyLUT:1]]
[2021.12.27-09.31.53:734][  0]LogConfig: Setting CVar [[r.SkyAtmosphere.FastSkyLUT.SampleCountMin:4.0]]
[2021.12.27-09.31.53:734][  0]LogConfig: Setting CVar [[r.SkyAtmosphere.FastSkyLUT.SampleCountMax:128.0]]
[2021.12.27-09.31.53:734][  0]LogConfig: Setting CVar [[r.SkyAtmosphere.SampleCountMin:4.0]]
[2021.12.27-09.31.53:734][  0]LogConfig: Setting CVar [[r.SkyAtmosphere.SampleCountMax:128.0]]
[2021.12.27-09.31.53:734][  0]LogConfig: Setting CVar [[r.SkyAtmosphere.TransmittanceLUT.UseSmallFormat:0]]
[2021.12.27-09.31.53:734][  0]LogConfig: Setting CVar [[r.SkyAtmosphere.TransmittanceLUT.SampleCount:10.0]]
[2021.12.27-09.31.53:734][  0]LogConfig: Setting CVar [[r.SkyAtmosphere.MultiScatteringLUT.SampleCount:15.0]]
[2021.12.27-09.31.53:734][  0]LogConfig: Setting CVar [[r.SkyLight.RealTimeReflectionCapture:1]]
[2021.12.27-09.31.53:734][  0]LogConfig: Applying CVar settings from Section [FoliageQuality@3] File [D:/Github/ToTheBeat/ToTheBeat/Saved/Config/Windows/Scalability.ini]
[2021.12.27-09.31.53:734][  0]LogConfig: Setting CVar [[foliage.DensityScale:1.0]]
[2021.12.27-09.31.53:734][  0]LogConfig: Setting CVar [[grass.DensityScale:1.0]]
[2021.12.27-09.31.53:734][  0]LogConfig: Applying CVar settings from Section [ShadingQuality@3] File [D:/Github/ToTheBeat/ToTheBeat/Saved/Config/Windows/Scalability.ini]
[2021.12.27-09.31.53:734][  0]LogConfig: Setting CVar [[r.HairStrands.SkyLighting.IntegrationType:2]]
[2021.12.27-09.31.53:734][  0]LogConfig: Setting CVar [[r.HairStrands.SkyAO.SampleCount:4]]
[2021.12.27-09.31.53:734][  0]LogConfig: Setting CVar [[r.HairStrands.Visibility.MSAA.SamplePerPixel:4]]
[2021.12.27-09.31.53:734][  0]LogConfig: Applying CVar settings from Section [Startup] File [../../../Engine/Config/ConsoleVariables.ini]
[2021.12.27-09.31.53:741][  0]LogConfig: Setting CVar [[net.UseAdaptiveNetUpdateFrequency:0]]
[2021.12.27-09.31.53:741][  0]LogConfig: Setting CVar [[p.chaos.AllowCreatePhysxBodies:1]]
[2021.12.27-09.31.53:742][  0]LogConfig: Setting CVar [[fx.SkipVectorVMBackendOptimizations:1]]
[2021.12.27-09.31.53:742][  0]LogConfig: Applying CVar settings from Section [ConsoleVariables] File [D:/Github/ToTheBeat/ToTheBeat/Saved/Config/Windows/Engine.ini]
[2021.12.27-09.31.53:742][  0]LogConfig: Applying CVar settings from Section [ConsoleVariables] File [D:/Github/ToTheBeat/ToTheBeat/Saved/Config/Windows/Editor.ini]
[2021.12.27-09.31.53:754][  0]LogInit: Computer: HPOMEN-RHIDIAN
[2021.12.27-09.31.53:754][  0]LogInit: User: RhidianDeWit
[2021.12.27-09.31.53:754][  0]LogInit: CPU Page size=4096, Cores=4
[2021.12.27-09.31.53:754][  0]LogInit: High frequency timer resolution =10.000000 MHz
[2021.12.27-09.31.53:754][  0]LogMemory: Memory total: Physical=15.9GB (16GB approx)
[2021.12.27-09.31.53:754][  0]LogMemory: Platform Memory Stats for Windows
[2021.12.27-09.31.53:754][  0]LogMemory: Process Physical Memory: 142.27 MB used, 142.27 MB peak
[2021.12.27-09.31.53:754][  0]LogMemory: Process Virtual Memory: 124.33 MB used, 124.33 MB peak
[2021.12.27-09.31.53:754][  0]LogMemory: Physical Memory: 8061.94 MB used,  8200.32 MB free, 16262.26 MB total
[2021.12.27-09.31.53:754][  0]LogMemory: Virtual Memory: 134205640.00 MB used,  12086.89 MB free, 134217728.00 MB total
[2021.12.27-09.31.53:762][  0]LogWindows: WindowsPlatformFeatures enabled
[2021.12.27-09.31.55:139][  0]LogInit: Physics initialised using underlying interface: PhysX
[2021.12.27-09.31.55:181][  0]LogInit: Using OS detected language (en-GB).
[2021.12.27-09.31.55:181][  0]LogInit: Using OS detected locale (en-GB).
[2021.12.27-09.31.55:899][  0]LogTextLocalizationManager: No specific localization for 'en-GB' exists, so the 'en' localization will be used.
[2021.12.27-09.31.59:849][  0]LogInit: Setting process to per monitor DPI aware
[2021.12.27-09.32.00:377][  0]LogWindowsTextInputMethodSystem: Display: IME system deactivated.
[2021.12.27-09.32.00:948][  0]LogSlate: New Slate User Created.  User Index 0, Is Virtual User: 0
[2021.12.27-09.32.00:949][  0]LogSlate: Slate User Registered.  User Index 0, Is Virtual User: 0
[2021.12.27-09.32.03:088][  0]LogD3D11RHI: Loaded GFSDK_Aftermath_Lib.x64.dll
[2021.12.27-09.32.03:165][  0]LogHMD: Failed to initialize OpenVR with code 110
[2021.12.27-09.32.03:165][  0]LogD3D11RHI: D3D11 min allowed feature level: 11_0
[2021.12.27-09.32.03:165][  0]LogD3D11RHI: D3D11 max allowed feature level: 11_0
[2021.12.27-09.32.03:165][  0]LogD3D11RHI: D3D11 adapters:
[2021.12.27-09.32.03:386][  0]LogD3D11RHI:    0. 'NVIDIA GeForce RTX 2060' (Feature Level 11_0)
[2021.12.27-09.32.03:386][  0]LogD3D11RHI:       5980/0/8131 MB DedicatedVideo/DedicatedSystem/SharedSystem, Outputs:2, VendorId:0x10de
[2021.12.27-09.32.03:388][  0]LogD3D11RHI:    1. 'Microsoft Basic Render Driver' (Feature Level 11_0)
[2021.12.27-09.32.03:388][  0]LogD3D11RHI:       0/0/8131 MB DedicatedVideo/DedicatedSystem/SharedSystem, Outputs:0, VendorId:0x1414
[2021.12.27-09.32.03:388][  0]LogD3D11RHI: Chosen D3D11 Adapter: 0
[2021.12.27-09.32.03:430][  0]LogD3D11RHI: Creating new Direct3DDevice
[2021.12.27-09.32.03:430][  0]LogD3D11RHI:     GPU DeviceId: 0x1f11 (for the marketing name, search the web for "GPU Device Id")
[2021.12.27-09.32.03:430][  0]LogWindows: EnumDisplayDevices:
[2021.12.27-09.32.03:430][  0]LogWindows:    0. 'NVIDIA GeForce RTX 2060' (P:1 D:1)
[2021.12.27-09.32.03:431][  0]LogWindows:    1. 'NVIDIA GeForce RTX 2060' (P:0 D:1)
[2021.12.27-09.32.03:431][  0]LogWindows:    2. 'NVIDIA GeForce RTX 2060' (P:0 D:0)
[2021.12.27-09.32.03:431][  0]LogWindows:    3. 'NVIDIA GeForce RTX 2060' (P:0 D:0)
[2021.12.27-09.32.03:431][  0]LogWindows: DebugString: FoundDriverCount:4 
[2021.12.27-09.32.03:431][  0]LogD3D11RHI:     Adapter Name: NVIDIA GeForce RTX 2060
[2021.12.27-09.32.03:432][  0]LogD3D11RHI:   Driver Version: 462.80 (internal:27.21.14.6280, unified:462.80)
[2021.12.27-09.32.03:432][  0]LogD3D11RHI:      Driver Date: 6-9-2021
[2021.12.27-09.32.03:432][  0]LogRHI: Texture pool is 4186 MB (70% of 5980 MB)
[2021.12.27-09.32.03:515][  0]LogD3D11RHI: RHI has support for 64 bit atomics
[2021.12.27-09.32.03:516][  0]LogD3D11RHI: Async texture creation enabled
[2021.12.27-09.32.03:516][  0]LogD3D11RHI: Array index from any shader is supported
[2021.12.27-09.32.04:180][  0]LogD3D11RHI: GPU Timing Frequency: 1000.000000 (Debug: 2 1)
[2021.12.27-09.32.04:474][  0]LogRHI: GeForceNow SDK initialized: 1
[2021.12.27-09.32.05:702][  0]LogTargetPlatformManager: Display: Loaded TargetPlatform 'AllDesktop'
[2021.12.27-09.32.06:202][  0]LogTargetPlatformManager: Display: Loaded TargetPlatform 'Android'
[2021.12.27-09.32.06:202][  0]LogTargetPlatformManager: Display: Loaded TargetPlatform 'Android_ASTC'
[2021.12.27-09.32.06:202][  0]LogTargetPlatformManager: Display: Loaded TargetPlatform 'Android_DXT'
[2021.12.27-09.32.06:202][  0]LogTargetPlatformManager: Display: Loaded TargetPlatform 'Android_ETC2'
[2021.12.27-09.32.06:202][  0]LogTargetPlatformManager: Display: Loaded TargetPlatform 'AndroidClient'
[2021.12.27-09.32.06:202][  0]LogTargetPlatformManager: Display: Loaded TargetPlatform 'Android_ASTCClient'
[2021.12.27-09.32.06:202][  0]LogTargetPlatformManager: Display: Loaded TargetPlatform 'Android_DXTClient'
[2021.12.27-09.32.06:202][  0]LogTargetPlatformManager: Display: Loaded TargetPlatform 'Android_ETC2Client'
[2021.12.27-09.32.06:202][  0]LogTargetPlatformManager: Display: Loaded TargetPlatform 'Android_Multi'
[2021.12.27-09.32.06:202][  0]LogTargetPlatformManager: Display: Loaded TargetPlatform 'Android_MultiClient'
[2021.12.27-09.32.06:394][  0]LogTargetPlatformManager: Display: Loaded TargetPlatform 'IOSClient'
[2021.12.27-09.32.06:394][  0]LogTargetPlatformManager: Display: Loaded TargetPlatform 'IOS'
[2021.12.27-09.32.06:523][  0]LogTargetPlatformManager: Display: Loaded TargetPlatform 'Linux'
[2021.12.27-09.32.06:596][  0]LogTargetPlatformManager: Display: Loaded TargetPlatform 'LinuxNoEditor'
[2021.12.27-09.32.06:737][  0]LogTargetPlatformManager: Display: Loaded TargetPlatform 'LinuxClient'
[2021.12.27-09.32.06:748][  0]LogTargetPlatformManager: Display: Loaded TargetPlatform 'LinuxServer'
[2021.12.27-09.32.06:786][  0]LogTargetPlatformManager: Display: Loaded TargetPlatform 'LinuxAArch64NoEditor'
[2021.12.27-09.32.06:847][  0]LogTargetPlatformManager: Display: Loaded TargetPlatform 'LinuxAArch64Client'
[2021.12.27-09.32.06:858][  0]LogTargetPlatformManager: Display: Loaded TargetPlatform 'LinuxAArch64Server'
[2021.12.27-09.32.06:914][  0]LogTargetPlatformManager: Display: Loaded TargetPlatform 'Lumin'
[2021.12.27-09.32.06:915][  0]LogTargetPlatformManager: Display: Loaded TargetPlatform 'LuminClient'
[2021.12.27-09.32.07:008][  0]LogTargetPlatformManager: Display: Loaded TargetPlatform 'MacNoEditor'
[2021.12.27-09.32.07:016][  0]LogTargetPlatformManager: Display: Loaded TargetPlatform 'Mac'
[2021.12.27-09.32.07:023][  0]LogTargetPlatformManager: Display: Loaded TargetPlatform 'MacClient'
[2021.12.27-09.32.07:032][  0]LogTargetPlatformManager: Display: Loaded TargetPlatform 'MacServer'
[2021.12.27-09.32.07:044][  0]LogTargetPlatformManager: Display: Loaded TargetPlatform 'TVOSClient'
[2021.12.27-09.32.07:044][  0]LogTargetPlatformManager: Display: Loaded TargetPlatform 'TVOS'
[2021.12.27-09.32.07:149][  0]LogTargetPlatformManager: Display: Loaded TargetPlatform 'WindowsNoEditor'
[2021.12.27-09.32.07:374][  0]LogTargetPlatformManager: Display: Loaded TargetPlatform 'Windows'
[2021.12.27-09.32.07:431][  0]LogTargetPlatformManager: Display: Loaded TargetPlatform 'WindowsClient'
[2021.12.27-09.32.07:447][  0]LogTargetPlatformManager: Display: Loaded TargetPlatform 'WindowsServer'
[2021.12.27-09.32.07:447][  0]LogTargetPlatformManager: Display: Building Assets For Windows
[2021.12.27-09.32.07:815][  0]LogAudioDebug: Display: Lib vorbis DLL was dynamically loaded.
[2021.12.27-09.32.08:454][  0]LogTextureFormatOodle: Display: Oodle Texture 2.9.0 init RDO Off
[2021.12.27-09.32.10:794][  0]LogRendererCore: Ray tracing is disabled. Reason: r.RayTracing=0.
[2021.12.27-09.32.10:817][  0]LogShaderCompilers: Guid format shader working directory is 14 characters bigger than the processId version (../../../../../Github/ToTheBeat/ToTheBeat/Intermediate/Shaders/WorkingDirectory/3832/).
[2021.12.27-09.32.10:818][  0]LogShaderCompilers: Cleaned the shader compiler working directory 'C:/Users/Rhidian De Wit/AppData/Local/Temp/UnrealShaderWorkingDir/22BCE8864E77EED7DF5039A793F6B3E7/'.
[2021.12.27-09.32.10:834][  0]LogXGEController: Cannot use XGE Controller as Incredibuild is not installed on this machine.
[2021.12.27-09.32.10:834][  0]LogShaderCompilers: Cannot use XGE Shader Compiler as Incredibuild is not installed on this machine.
[2021.12.27-09.32.10:834][  0]LogShaderCompilers: Display: Using Local Shader Compiler.
[2021.12.27-09.32.15:137][  0]LogDerivedDataCache: Display: Max Cache Size: 512 MB
[2021.12.27-09.32.15:224][  0]LogDerivedDataCache: Loaded boot cache 0.09s 95MB C:/Users/Rhidian De Wit/AppData/Local/UnrealEngine/4.27/DerivedDataCache/Boot.ddc.
[2021.12.27-09.32.15:224][  0]LogDerivedDataCache: Display: Loaded Boot cache: C:/Users/Rhidian De Wit/AppData/Local/UnrealEngine/4.27/DerivedDataCache/Boot.ddc
[2021.12.27-09.32.15:224][  0]LogDerivedDataCache: FDerivedDataBackendGraph:  Pak pak cache file ../../../../../Github/ToTheBeat/ToTheBeat/DerivedDataCache/DDC.ddp not found, will not use a pak cache.
[2021.12.27-09.32.15:224][  0]LogDerivedDataCache: Unable to find inner node Pak for hierarchical cache Hierarchy.
[2021.12.27-09.32.15:224][  0]LogDerivedDataCache: FDerivedDataBackendGraph:  CompressedPak pak cache file ../../../../../Github/ToTheBeat/ToTheBeat/DerivedDataCache/Compressed.ddp not found, will not use a pak cache.
[2021.12.27-09.32.15:224][  0]LogDerivedDataCache: Unable to find inner node CompressedPak for hierarchical cache Hierarchy.
[2021.12.27-09.32.15:299][  0]LogDerivedDataCache: Display: Pak cache opened for reading ../../../Engine/DerivedDataCache/Compressed.ddp.
[2021.12.27-09.32.15:299][  0]LogDerivedDataCache: FDerivedDataBackendGraph:  EnterprisePak pak cache file ../../../Enterprise/DerivedDataCache/Compressed.ddp not found, will not use a pak cache.
[2021.12.27-09.32.15:299][  0]LogDerivedDataCache: Unable to find inner node EnterprisePak for hierarchical cache Hierarchy.
[2021.12.27-09.32.15:320][  0]LogDerivedDataCache: Speed tests for C:/Users/Rhidian De Wit/AppData/Local/UnrealEngine/Common/DerivedDataCache took 0.02 seconds
[2021.12.27-09.32.15:320][  0]LogDerivedDataCache: Display: Performance to C:/Users/Rhidian De Wit/AppData/Local/UnrealEngine/Common/DerivedDataCache: Latency=0.30ms. RandomReadSpeed=67.61MBs, RandomWriteSpeed=259.92MBs. Assigned SpeedClass 'Local'
[2021.12.27-09.32.15:321][  0]LogDerivedDataCache: Using Local data cache path C:/Users/Rhidian De Wit/AppData/Local/UnrealEngine/Common/DerivedDataCache: Writable
[2021.12.27-09.32.15:321][  0]LogDerivedDataCache: Shared data cache path not found in *engine.ini, will not use an Shared cache.
[2021.12.27-09.32.15:321][  0]LogDerivedDataCache: Unable to find inner node Shared for hierarchical cache Hierarchy.
[2021.12.27-09.32.15:632][  0]LogSlate: Using FreeType 2.10.0
[2021.12.27-09.32.15:749][  0]LogSlate: SlateFontServices - WITH_FREETYPE: 1, WITH_HARFBUZZ: 1
[2021.12.27-09.32.17:052][  0]LogAssetRegistry: FAssetRegistry took 0.0178 seconds to start up
[2021.12.27-09.32.22:830][  0]LogInit: Selected Device Profile: [Windows]
[2021.12.27-09.32.22:830][  0]LogInit: Active device profile: [000001A2C1A32E00][000001A2B7FE9A40 49] Windows
[2021.12.27-09.32.22:830][  0]LogInit: Profiles: [000001A2C1A32E00][000001A2B7FE9A40 49] Windows, [000001A2C19D9500][000001A2B2275BC0 49] WindowsNoEditor, [000001A2C1A32400][000001A2B22781C0 49] WindowsServer, [000001A2C19DB500][000001A2B227C340 49] WindowsClient, [000001A2C1A30D00][000001A2B22804C0 49] IOS, [000001A2C19DB600][000001A2B7FEC600 49] iPadAir, [000001A2C1A30900][000001A2B2284740 49] iPadAir2, [000001A2C1974E00][000001A2BF45C980 49] IPadPro, [000001A2C1974F00][000001A2BF4589C0 49] iPadAir3, [000001A2C1A31400][000001A2BF464B40 49] iPadAir4, [000001A2C1975000][000001A2BF468CC0 49] iPadMini2, [000001A2C1974900][000001A2BF46CE40 49] iPadMini3, [000001A2C19D9900][000001A2BF470FC0 49] iPadMini4, [000001A2C1977A00][000001A2BF475140 49] iPadMini5, [000001A2C199C600][000001A2BF47D400 49] iPhone6, [000001A2C199C700][000001A2BF479440 49] iPodTouch6, [000001A2C1A31D00][000001A2BF485700 49] iPhone7, [000001A2C1A33700][000001A2BF481740 49] iPodTouch7, [000001A2C199C500][000001A2BF4898C0 49] iPhone5S, [000001A2C19DAB00][000001A2BF48DA40 49] iPhone6Plus, [000001A2C199F900][000001A2BF887BC0 49] iPhone6S, [000001A2C19DB300][000001A2BF88A1C0 49] iPhone6SPlus, [000001A2C199E200][000001A2BF88E340 49] iPhone7Plus, [000001A2C19DA300][000001A2BF8924C0 49] iPhoneSE, [000001A2C199F400][000001A2BF896640 49] iPhone8, [000001A2C19DA900][000001A2BF460780 49] iPhone8Plus, [000001A2C199E700][000001A2BF89A8C0 49] iPhoneX, [000001A2C1A32100][000001A2BF89EA00 49] iPhoneXS, [000001A2C199FF00][000001A2BF8A2B40 49] iPhoneXSMax, [000001A2C1A32D00][000001A2BF8AACC0 49] iPhoneXR, [000001A2C199D300][000001A2BF8AEE40 49] iPhone11, [000001A2C1A30500][000001A2BF8B2FC0 49] iPhone11Pro, [000001A2C199ED00][000001A2BF8B7140 49] iPhone11ProMax, [000001A2C1A33C00][000001A2BF8BB2C0 49] iPhoneSE2, [000001A2C199D000][000001A2BF8BF440 49] iPhone12Mini, [000001A2C1A31800][000001A2BF8C35C0 49] iPhone12, [000001A2C199E100][000001A2BF8C7740 49] iPhone12Pro, [000001A2C1A32A00][000001A2BF8CB8C0 49] iPhone12ProMax, [000001A2C199F500][000001A2BF8CFA40 49] iPadPro105, [000001A2C1A33000][000001A2BF8D3BC0 49] iPadPro129, [000001A2C199E000][000001A2BF8D61C0 49] iPadPro97, [000001A2C1A30E00][000001A2BF8DA340 49] iPadPro2_129, [000001A2C199CA00][000001A2C28F04C0 49] iPad5, [000001A2C1A30C00][000001A2C28F4640 49] iPad6, [000001A2C199EB00][000001A2C28F87C0 49] iPad7, [000001A2C1A33600][000001A2C28FC940 49] iPad8, [000001A2C199DF00][000001A2BF8A6A80 49] iPadPro11, [000001A2C1A31600][000001A2C2900BC0 49] iPadPro2_11, [000001A2C199EF00][000001A2C2904D00 49] iPadPro3_129, [000001A2C1A31000][000001A2C290CE80 49] iPadPro4_129, [000001A2C199F000][000001A2C2911000 49] AppleTV, [000001A2C1A31300][000001A2C2915180 49] AppleTV4K, [000001A2C199CD00][000001A2C2919300 49] TVOS, [000001A2C1A30A00][000001A2C291D480 49] Mac, [000001A2C199CF00][000001A2C2921600 49] MacClient, [000001A2C1A30600][000001A2C2925780 49] MacNoEditor, [000001A2C199D700][000001A2C2929900 49] MacServer, [000001A2C1A31C00][000001A2C292DA80 49] Linux, [000001A2C199C200][000001A2C2931C00 49] LinuxAArch64, [000001A2C1A31A00][000001A2C2934200 49] LinuxNoEditor, [000001A2C199D200][000001A2C2938380 49] LinuxAArch64NoEditor, [000001A2C1A32200][000001A2C293C500 49] LinuxClient, [000001A2C199D900][000001A2C2940680 49] LinuxAArch64Client, [000001A2C1A30800][000001A2C2944800 49] LinuxServer, [000001A2C199C800][000001A2C2948980 49] LinuxAArch64Server, [000001A2C1A33300][000001A2C294CB00 49] Android, [000001A2C199D400][000001A2C2908C40 49] Android_Low, [000001A2C1A31100][000001A2C2950D80 49] Android_Mid, [000001A2C199EC00][000001A2C2954EC0 49] Android_High, [000001A2C19D8800][000001A2C295D040 49] Android_Default, [000001A2C1975700][000001A2C29611C0 49] Android_Adreno4xx, [000001A2C19DA000][000001A2C2965340 49] Android_Adreno5xx_Low, [000001A2C1975B00][000001A2C29694C0 49] Android_Adreno5xx, [000001A2C19D8200][000001A2C296D640 49] Android_Adreno6xx, [000001A2C1976000][000001A2C29717C0 49] Android_Adreno6xx_Vulkan, [000001A2C19D9300][000001A2C2975940 49] Android_Mali_T6xx, [000001A2C1977D00][000001A2C2979AC0 49] Android_Mali_T7xx, [000001A2C19DAA00][000001A2C297C0C0 49] Android_Mali_T8xx, [000001A2C1977700][000001A2C2980240 49] Android_Mali_G71, [000001A2C19DB900][000001A2C29843C0 49] Android_Mali_G72, [000001A2C1975F00][000001A2C2988540 49] Android_Mali_G72_Vulkan, [000001A2C19DBE00][000001A2C298C6C0 49] Android_Mali_G76, [000001A2C1976300][000001A2C2990840 49] Android_Mali_G76_Vulkan, [000001A2C19D8E00][000001A2C29949C0 49] Android_Mali_G77, [000001A2C1977000][000001A2C2998B40 49] Android_Mali_G77_Vulkan, [000001A2C19D9F00][000001A2C299CCC0 49] Android_Mali_G78, [000001A2C1974B00][000001A2C2958E00 49] Android_Mali_G78_Vulkan, [000001A2C19D8300][000001A2C29A0F40 49] Android_Mali_G710, [000001A2C1974100][000001A2C29A5080 49] Android_Mali_G710_Vulkan, [000001A2C19D8B00][000001A2C29A91C0 49] Android_Vulkan_SM5, [000001A2C1977200][000001A2C29B1340 49] Android_PowerVR_G6xxx, [000001A2C19D9100][000001A2C29B54C0 49] Android_PowerVR_GT7xxx, [000001A2C1976700][000001A2C29B9640 49] Android_PowerVR_GE8xxx, [000001A2C19DBA00][000001A2C29BD7C0 49] Android_PowerVR_GM9xxx, [000001A2C1974C00][000001A2C29C1940 49] Android_PowerVR_GM9xxx_Vulkan, [000001A2C19DBB00][000001A2C29C5AC0 49] Android_TegraK1, [000001A2C1977500][000001A2C29C80C0 49] Android_Unknown_Vulkan, [000001A2C19D9600][000001A2C29CC240 49] Lumin, [000001A2C1976500][000001A2C29D03C0 49] Lumin_Desktop, [000001A2C19D8700][000001A2C29D4540 49] HoloLens, 
[2021.12.27-09.32.24:135][  0]LogMeshReduction: Using QuadricMeshReduction for automatic static mesh reduction
[2021.12.27-09.32.24:135][  0]LogMeshReduction: Using SimplygonMeshReduction for automatic skeletal mesh reduction
[2021.12.27-09.32.24:135][  0]LogMeshReduction: Using ProxyLODMeshReduction for automatic mesh merging
[2021.12.27-09.32.24:135][  0]LogMeshReduction: No distributed automatic mesh merging module available
[2021.12.27-09.32.24:137][  0]LogMeshMerging: No distributed automatic mesh merging module available
[2021.12.27-09.32.24:380][  0]LogNetVersion: ToTheBeat 1.0.0, NetCL: 17155196, EngineNetVer: 17, GameNetVer: 0 (Checksum: 836671674)
[2021.12.27-09.32.35:606][  0]LogTexture: Default maximum texture size for cubemaps generated from long-lat sources has been changed from 512 to unlimited. In order to preserve old behaiour for '/Engine/MapTemplates/Sky/DaylightAmbientCubemap.DaylightAmbientCubemap', its maximum texture size has been explicitly set to 512.
[2021.12.27-09.32.36:345][  0]LogHMD: PokeAHoleMaterial loaded successfully
[2021.12.27-09.32.36:412][  0]LogUObjectArray: 17178 objects as part of root set at end of initial load.
[2021.12.27-09.32.36:412][  0]LogUObjectAllocator: 4301856 out of 0 bytes used by permanent object pool.
[2021.12.27-09.32.36:412][  0]LogUObjectArray: CloseDisregardForGC: 0/0 objects in disregard for GC pool
[2021.12.27-09.32.40:394][  0]LogNiagaraDebuggerClient: Niagara Debugger Client Initialized | Session: 7C429101412EEC35A52B47B07AEE705D | Instance: 055FFC2F47A945E36C8AA2BEAEAA6CCC (HPOMEN-RHIDIAN-3832).
[2021.12.27-09.32.41:134][  0]LogStreaming: Warning: Failed to read file '../../../Engine/Content/Editor/Slate/Niagara/MenuSeparator.png' error.
[2021.12.27-09.32.41:134][  0]LogSlate: Could not find file for Slate resource: ../../../Engine/Content/Editor/Slate/Niagara/MenuSeparator.png
[2021.12.27-09.32.41:134][  0]LogStreaming: Warning: Failed to read file '../../../Engine/Content/Editor/Slate/Niagara/Common/Selector.png' error.
[2021.12.27-09.32.41:134][  0]LogSlate: Could not find file for Slate resource: ../../../Engine/Content/Editor/Slate/Niagara/Common/Selector.png
[2021.12.27-09.32.41:134][  0]LogStreaming: Warning: Failed to read file '../../../Engine/Content/Editor/Slate/Niagara/Common/Selection.png' error.
[2021.12.27-09.32.41:134][  0]LogSlate: Could not find file for Slate resource: ../../../Engine/Content/Editor/Slate/Niagara/Common/Selection.png
[2021.12.27-09.32.41:134][  0]LogStreaming: Warning: Failed to read file '../../../Engine/Content/Editor/Slate/Niagara/Common/DropZoneIndicator_Onto.png' error.
[2021.12.27-09.32.41:134][  0]LogSlate: Could not find file for Slate resource: ../../../Engine/Content/Editor/Slate/Niagara/Common/DropZoneIndicator_Onto.png
[2021.12.27-09.32.41:134][  0]LogStreaming: Warning: Failed to read file '../../../Engine/Content/Editor/Slate/Niagara/Common/DropZoneIndicator_Below.png' error.
[2021.12.27-09.32.41:134][  0]LogSlate: Could not find file for Slate resource: ../../../Engine/Content/Editor/Slate/Niagara/Common/DropZoneIndicator_Below.png
[2021.12.27-09.32.41:134][  0]LogStreaming: Warning: Failed to read file '../../../Engine/Content/Editor/Slate/Niagara/Common/DropZoneIndicator_Above.png' error.
[2021.12.27-09.32.41:134][  0]LogSlate: Could not find file for Slate resource: ../../../Engine/Content/Editor/Slate/Niagara/Common/DropZoneIndicator_Above.png
[2021.12.27-09.32.41:134][  0]LogStreaming: Warning: Failed to read file '../../../Engine/Content/Editor/Slate/Niagara/Common/RoundedSelection_16x.png' error.
[2021.12.27-09.32.41:134][  0]LogSlate: Could not find file for Slate resource: ../../../Engine/Content/Editor/Slate/Niagara/Common/RoundedSelection_16x.png
[2021.12.27-09.32.41:134][  0]LogStreaming: Warning: Failed to read file '../../../Engine/Content/Editor/Slate/Niagara/Common/FlatButton.png' error.
[2021.12.27-09.32.41:134][  0]LogSlate: Could not find file for Slate resource: ../../../Engine/Content/Editor/Slate/Niagara/Common/FlatButton.png
[2021.12.27-09.32.41:134][  0]LogImageWrapper: Warning: PNG Warning: Duplicate iCCP chunk
[2021.12.27-09.32.41:134][  0]LogImageWrapper: Warning: PNG Warning: Duplicate iCCP chunk
[2021.12.27-09.32.41:282][  0]LogPython: Using Python 3.7.7
[2021.12.27-09.32.43:664][  0]LogTcpMessaging: Initializing TcpMessaging bridge
[2021.12.27-09.32.43:694][  0]LogUdpMessaging: Initializing bridge on interface 0.0.0.0:0 to multicast group 230.0.0.1:6666.
[2021.12.27-09.32.44:293][  0]LogTemp: Warning: Successfully loaded file
